14:56:09:546  INFO 35143 --- [main] com.hmall.pay.PayApplication             : The following 1 profile is active: "dev"
14:56:10:720  INFO 35143 --- [main] o.s.cloud.context.scope.GenericScope     : BeanFactory id=6f61b137-702c-3462-97e4-078afee242fa
14:56:11:097  INFO 35143 --- [main] o.s.b.w.embedded.tomcat.TomcatWebServer  : Tomcat initialized with port(s): 8086 (http)
14:56:11:107  INFO 35143 --- [main] o.apache.catalina.core.StandardService   : Starting service [Tomcat]
14:56:11:107  INFO 35143 --- [main] org.apache.catalina.core.StandardEngine  : Starting Servlet engine: [Apache Tomcat/9.0.75]
14:56:11:210  INFO 35143 --- [main] o.a.c.c.C.[Tomcat].[localhost].[/]       : Initializing Spring embedded WebApplicationContext
14:56:11:210  INFO 35143 --- [main] w.s.c.ServletWebServerApplicationContext : Root WebApplicationContext: initialization completed in 1646 ms
14:56:11:547  INFO 35143 --- [main] o.s.c.openfeign.FeignClientFactoryBean   : For 'user-service' URL not provided. Will try picking an instance via load-balancing.
14:56:11:607  INFO 35143 --- [main] o.s.c.openfeign.FeignClientFactoryBean   : For 'trade-service' URL not provided. Will try picking an instance via load-balancing.
14:56:12:029  INFO 35143 --- [main] c.a.c.sentinel.SentinelWebMvcConfigurer  : [Sentinel Starter] register SentinelWebInterceptor with urlPatterns: [/**].
14:56:12:501  INFO 35143 --- [main] pertySourcedRequestMappingHandlerMapping : Mapped URL path [/v2/api-docs] onto method [springfox.documentation.swagger2.web.Swagger2ControllerWebMvc#getDocumentation(String, HttpServletRequest)]
14:56:12:924  INFO 35143 --- [main] com.alibaba.nacos.common.remote.client   : [RpcClientFactory] create a new rpc client of 4de615a7-33ba-464d-ae61-e52801a9ec92_config-0
14:56:12:924  INFO 35143 --- [main] com.alibaba.nacos.common.remote.client   : [4de615a7-33ba-464d-ae61-e52801a9ec92_config-0] RpcClient init label, labels = {module=config, Vipserver-Tag=null, source=sdk, Amory-Tag=null, Location-Tag=null, taskId=0, AppName=unknown}
14:56:12:924  INFO 35143 --- [main] com.alibaba.nacos.common.remote.client   : [4de615a7-33ba-464d-ae61-e52801a9ec92_config-0] Register server push request handler:com.alibaba.nacos.client.config.impl.ClientWorker$ConfigRpcTransportClient$$Lambda$462/0x000000080041f040
14:56:12:924  INFO 35143 --- [main] com.alibaba.nacos.common.remote.client   : [4de615a7-33ba-464d-ae61-e52801a9ec92_config-0] Register server push request handler:com.alibaba.nacos.client.config.impl.ClientWorker$ConfigRpcTransportClient$$Lambda$463/0x000000080041f440
14:56:12:924  INFO 35143 --- [main] com.alibaba.nacos.common.remote.client   : [4de615a7-33ba-464d-ae61-e52801a9ec92_config-0] Registry connection listener to current client:com.alibaba.nacos.client.config.impl.ClientWorker$ConfigRpcTransportClient$1
14:56:12:924  INFO 35143 --- [main] com.alibaba.nacos.common.remote.client   : [4de615a7-33ba-464d-ae61-e52801a9ec92_config-0] RpcClient init, ServerListFactory = com.alibaba.nacos.client.config.impl.ClientWorker$ConfigRpcTransportClient$2
14:56:12:925  INFO 35143 --- [main] com.alibaba.nacos.common.remote.client   : [4de615a7-33ba-464d-ae61-e52801a9ec92_config-0] Try to connect to server on start up, server: {serverIp = '127.0.0.1', server main port = 8848}
14:56:13:049  INFO 35143 --- [main] com.alibaba.nacos.common.remote.client   : [4de615a7-33ba-464d-ae61-e52801a9ec92_config-0] Success to connect to server [127.0.0.1:8848] on start up, connectionId = 1707893772936_172.19.0.1_39608
14:56:13:049  INFO 35143 --- [main] com.alibaba.nacos.common.remote.client   : [4de615a7-33ba-464d-ae61-e52801a9ec92_config-0] Register server push request handler:com.alibaba.nacos.common.remote.client.RpcClient$ConnectResetRequestHandler
14:56:13:049  INFO 35143 --- [main] com.alibaba.nacos.common.remote.client   : [4de615a7-33ba-464d-ae61-e52801a9ec92_config-0] Register server push request handler:com.alibaba.nacos.common.remote.client.RpcClient$$Lambda$477/0x000000080041b440
14:56:13:049  INFO 35143 --- [com.alibaba.nacos.client.remote.worker] com.alibaba.nacos.common.remote.client   : [4de615a7-33ba-464d-ae61-e52801a9ec92_config-0] Notify connected event to listeners.
14:56:13:060  INFO 35143 --- [main] c.a.c.s.d.converter.SentinelConverter    : converter can not convert rules because source is empty
14:56:13:166  INFO 35143 --- [main] com.alibaba.nacos.common.remote.client   : [RpcClientFactory] create a new rpc client of 5e537454-8705-448d-982c-ad4b0ca7ac91
14:56:13:166  INFO 35143 --- [main] com.alibaba.nacos.common.remote.client   : [5e537454-8705-448d-982c-ad4b0ca7ac91] RpcClient init label, labels = {module=naming, source=sdk}
14:56:13:168  INFO 35143 --- [main] com.alibaba.nacos.common.remote.client   : [5e537454-8705-448d-982c-ad4b0ca7ac91] RpcClient init, ServerListFactory = com.alibaba.nacos.client.naming.core.ServerListManager
14:56:13:168  INFO 35143 --- [main] com.alibaba.nacos.common.remote.client   : [5e537454-8705-448d-982c-ad4b0ca7ac91] Registry connection listener to current client:com.alibaba.nacos.client.naming.remote.gprc.redo.NamingGrpcRedoService
14:56:13:168  INFO 35143 --- [main] com.alibaba.nacos.common.remote.client   : [5e537454-8705-448d-982c-ad4b0ca7ac91] Register server push request handler:com.alibaba.nacos.client.naming.remote.gprc.NamingPushRequestHandler
14:56:13:169  INFO 35143 --- [main] com.alibaba.nacos.common.remote.client   : [5e537454-8705-448d-982c-ad4b0ca7ac91] Try to connect to server on start up, server: {serverIp = 'localhost', server main port = 8848}
14:56:13:297  INFO 35143 --- [main] com.alibaba.nacos.common.remote.client   : [5e537454-8705-448d-982c-ad4b0ca7ac91] Success to connect to server [localhost:8848] on start up, connectionId = 1707893773182_172.19.0.1_39626
14:56:13:297  INFO 35143 --- [main] com.alibaba.nacos.common.remote.client   : [5e537454-8705-448d-982c-ad4b0ca7ac91] Register server push request handler:com.alibaba.nacos.common.remote.client.RpcClient$ConnectResetRequestHandler
14:56:13:297  INFO 35143 --- [main] com.alibaba.nacos.common.remote.client   : [5e537454-8705-448d-982c-ad4b0ca7ac91] Register server push request handler:com.alibaba.nacos.common.remote.client.RpcClient$$Lambda$477/0x000000080041b440
14:56:13:297  INFO 35143 --- [com.alibaba.nacos.client.remote.worker] com.alibaba.nacos.common.remote.client   : [5e537454-8705-448d-982c-ad4b0ca7ac91] Notify connected event to listeners.
14:56:13:326  INFO 35143 --- [main] o.s.b.w.embedded.tomcat.TomcatWebServer  : Tomcat started on port(s): 8086 (http) with context path ''
14:56:13:338  INFO 35143 --- [main] c.a.c.n.registry.NacosServiceRegistry    : nacos registry, DEFAULT_GROUP pay-service 192.168.10.123:8086 register finished
14:56:13:345  INFO 35143 --- [main] d.s.w.p.DocumentationPluginsBootstrapper : Documentation plugins bootstrapped
14:56:13:349  INFO 35143 --- [main] d.s.w.p.DocumentationPluginsBootstrapper : Found 1 custom documentation plugin(s)
14:56:13:372  INFO 35143 --- [main] s.d.s.w.s.ApiListingReferenceScanner     : Scanning for api listing references
14:56:13:469  INFO 35143 --- [main] com.hmall.pay.PayApplication             : Started PayApplication in 6.997 seconds (JVM running for 7.607)
14:56:13:472  INFO 35143 --- [main] c.a.c.n.refresh.NacosContextRefresher    : [Nacos Config] Listening config: dataId=pay-service, group=DEFAULT_GROUP
14:56:13:472  INFO 35143 --- [main] c.a.c.n.refresh.NacosContextRefresher    : [Nacos Config] Listening config: dataId=pay-service-dev.yaml, group=DEFAULT_GROUP
14:56:13:473  INFO 35143 --- [main] c.a.c.n.refresh.NacosContextRefresher    : [Nacos Config] Listening config: dataId=pay-service.yaml, group=DEFAULT_GROUP
14:56:13:874  INFO 35143 --- [nacos-grpc-client-executor-10] com.alibaba.nacos.common.remote.client   : [5e537454-8705-448d-982c-ad4b0ca7ac91] Receive server push request, request = NotifySubscriberRequest, requestId = 6
14:56:13:877  INFO 35143 --- [nacos-grpc-client-executor-10] com.alibaba.nacos.common.remote.client   : [5e537454-8705-448d-982c-ad4b0ca7ac91] Ack server push request, request = NotifySubscriberRequest, requestId = 6
