14:56:04:617  INFO 34683 --- [main] com.hmall.gateway.GatewayApplication     : The following 1 profile is active: "dev"
14:56:05:141  INFO 34683 --- [main] o.s.cloud.context.scope.GenericScope     : BeanFactory id=2c65178b-e10a-3fa4-8e74-3fe0234f10a1
14:56:05:184  INFO 34683 --- [main] trationDelegate$BeanPostProcessorChecker : Bean 'org.springframework.cloud.client.loadbalancer.reactive.LoadBalancerBeanPostProcessorAutoConfiguration' of type [org.springframework.cloud.client.loadbalancer.reactive.LoadBalancerBeanPostProcessorAutoConfiguration] is not eligible for getting processed by all BeanPostProcessors (for example: not eligible for auto-proxying)
14:56:05:186  INFO 34683 --- [main] trationDelegate$BeanPostProcessorChecker : Bean 'org.springframework.cloud.client.loadbalancer.reactive.LoadBalancerBeanPostProcessorAutoConfiguration$ReactorDeferringLoadBalancerFilterConfig' of type [org.springframework.cloud.client.loadbalancer.reactive.LoadBalancerBeanPostProcessorAutoConfiguration$ReactorDeferringLoadBalancerFilterConfig] is not eligible for getting processed by all BeanPostProcessors (for example: not eligible for auto-proxying)
14:56:05:187  INFO 34683 --- [main] trationDelegate$BeanPostProcessorChecker : Bean 'reactorDeferringLoadBalancerExchangeFilterFunction' of type [org.springframework.cloud.client.loadbalancer.reactive.DeferringLoadBalancerExchangeFilterFunction] is not eligible for getting processed by all BeanPostProcessors (for example: not eligible for auto-proxying)
14:56:06:291  INFO 34683 --- [main] o.s.c.g.r.RouteDefinitionRouteLocator    : Loaded RoutePredicateFactory [After]
14:56:06:292  INFO 34683 --- [main] o.s.c.g.r.RouteDefinitionRouteLocator    : Loaded RoutePredicateFactory [Before]
14:56:06:292  INFO 34683 --- [main] o.s.c.g.r.RouteDefinitionRouteLocator    : Loaded RoutePredicateFactory [Between]
14:56:06:292  INFO 34683 --- [main] o.s.c.g.r.RouteDefinitionRouteLocator    : Loaded RoutePredicateFactory [Cookie]
14:56:06:292  INFO 34683 --- [main] o.s.c.g.r.RouteDefinitionRouteLocator    : Loaded RoutePredicateFactory [Header]
14:56:06:292  INFO 34683 --- [main] o.s.c.g.r.RouteDefinitionRouteLocator    : Loaded RoutePredicateFactory [Host]
14:56:06:292  INFO 34683 --- [main] o.s.c.g.r.RouteDefinitionRouteLocator    : Loaded RoutePredicateFactory [Method]
14:56:06:292  INFO 34683 --- [main] o.s.c.g.r.RouteDefinitionRouteLocator    : Loaded RoutePredicateFactory [Path]
14:56:06:292  INFO 34683 --- [main] o.s.c.g.r.RouteDefinitionRouteLocator    : Loaded RoutePredicateFactory [Query]
14:56:06:292  INFO 34683 --- [main] o.s.c.g.r.RouteDefinitionRouteLocator    : Loaded RoutePredicateFactory [ReadBody]
14:56:06:292  INFO 34683 --- [main] o.s.c.g.r.RouteDefinitionRouteLocator    : Loaded RoutePredicateFactory [RemoteAddr]
14:56:06:293  INFO 34683 --- [main] o.s.c.g.r.RouteDefinitionRouteLocator    : Loaded RoutePredicateFactory [XForwardedRemoteAddr]
14:56:06:293  INFO 34683 --- [main] o.s.c.g.r.RouteDefinitionRouteLocator    : Loaded RoutePredicateFactory [Weight]
14:56:06:293  INFO 34683 --- [main] o.s.c.g.r.RouteDefinitionRouteLocator    : Loaded RoutePredicateFactory [CloudFoundryRouteService]
14:56:06:806  INFO 34683 --- [main] com.alibaba.nacos.common.remote.client   : [RpcClientFactory] create a new rpc client of 484e1043-be15-4230-9d08-c542bfbaac1c
14:56:06:806  INFO 34683 --- [main] com.alibaba.nacos.common.remote.client   : [484e1043-be15-4230-9d08-c542bfbaac1c] RpcClient init label, labels = {module=naming, source=sdk}
14:56:06:809  INFO 34683 --- [main] com.alibaba.nacos.common.remote.client   : [484e1043-be15-4230-9d08-c542bfbaac1c] RpcClient init, ServerListFactory = com.alibaba.nacos.client.naming.core.ServerListManager
14:56:06:809  INFO 34683 --- [main] com.alibaba.nacos.common.remote.client   : [484e1043-be15-4230-9d08-c542bfbaac1c] Registry connection listener to current client:com.alibaba.nacos.client.naming.remote.gprc.redo.NamingGrpcRedoService
14:56:06:810  INFO 34683 --- [main] com.alibaba.nacos.common.remote.client   : [484e1043-be15-4230-9d08-c542bfbaac1c] Register server push request handler:com.alibaba.nacos.client.naming.remote.gprc.NamingPushRequestHandler
14:56:06:831  INFO 34683 --- [main] com.alibaba.nacos.common.remote.client   : [484e1043-be15-4230-9d08-c542bfbaac1c] Try to connect to server on start up, server: {serverIp = 'localhost', server main port = 8848}
14:56:06:968  INFO 34683 --- [main] com.alibaba.nacos.common.remote.client   : [484e1043-be15-4230-9d08-c542bfbaac1c] Success to connect to server [localhost:8848] on start up, connectionId = 1707893766847_172.19.0.1_51978
14:56:06:968  INFO 34683 --- [main] com.alibaba.nacos.common.remote.client   : [484e1043-be15-4230-9d08-c542bfbaac1c] Register server push request handler:com.alibaba.nacos.common.remote.client.RpcClient$ConnectResetRequestHandler
14:56:06:968  INFO 34683 --- [com.alibaba.nacos.client.remote.worker] com.alibaba.nacos.common.remote.client   : [484e1043-be15-4230-9d08-c542bfbaac1c] Notify connected event to listeners.
14:56:06:969  INFO 34683 --- [main] com.alibaba.nacos.common.remote.client   : [484e1043-be15-4230-9d08-c542bfbaac1c] Register server push request handler:com.alibaba.nacos.common.remote.client.RpcClient$$Lambda$472/0x0000000800476040
14:56:07:155  INFO 34683 --- [main] o.s.b.web.embedded.netty.NettyWebServer  : Netty started on port 8080
14:56:07:181  INFO 34683 --- [main] c.a.c.n.registry.NacosServiceRegistry    : nacos registry, DEFAULT_GROUP hm-gateway 192.168.10.123:8080 register finished
14:56:07:207  INFO 34683 --- [main] com.hmall.gateway.GatewayApplication     : Started GatewayApplication in 4.26 seconds (JVM running for 4.727)
14:56:07:215  INFO 34683 --- [main] c.a.c.n.refresh.NacosContextRefresher    : [Nacos Config] Listening config: dataId=hm-gateway-dev.yaml, group=DEFAULT_GROUP
14:56:07:216  INFO 34683 --- [main] c.a.c.n.refresh.NacosContextRefresher    : [Nacos Config] Listening config: dataId=hm-gateway, group=DEFAULT_GROUP
14:56:07:216  INFO 34683 --- [main] c.a.c.n.refresh.NacosContextRefresher    : [Nacos Config] Listening config: dataId=hm-gateway.yaml, group=DEFAULT_GROUP
14:56:07:567  INFO 34683 --- [nacos-grpc-client-executor-9] com.alibaba.nacos.common.remote.client   : [484e1043-be15-4230-9d08-c542bfbaac1c] Receive server push request, request = NotifySubscriberRequest, requestId = 2
14:56:07:570  INFO 34683 --- [nacos-grpc-client-executor-9] com.alibaba.nacos.common.remote.client   : [484e1043-be15-4230-9d08-c542bfbaac1c] Ack server push request, request = NotifySubscriberRequest, requestId = 2
